DEBUG main org.springframework.web.servlet.DispatcherServlet - No HandlerExceptionResolvers found in servlet 'register': using default
DEBUG main org.springframework.web.servlet.DispatcherServlet - Unable to locate RequestToViewNameTranslator with name 'viewNameTranslator': using default [org.springframework.web.servlet.view.DefaultRequestToViewNameTranslator@10a6723]
DEBUG main org.springframework.web.servlet.DispatcherServlet - Published WebApplicationContext of servlet 'register' as ServletContext attribute with name [org.springframework.web.servlet.FrameworkServlet.CONTEXT.register]
INFO main org.springframework.web.servlet.DispatcherServlet - FrameworkServlet 'register': initialization completed in 634 ms
DEBUG main org.springframework.web.servlet.DispatcherServlet - Servlet 'register' configured successfully
DEBUG http-8080-1 org.springframework.web.servlet.DispatcherServlet - Bound request context to thread: org.apache.catalina.connector.RequestFacade@1eb8f6d
DEBUG http-8080-1 org.springframework.web.servlet.DispatcherServlet - DispatcherServlet with name 'register' processing POST request for [/RestCrudOperation/register/registrationForm]
DEBUG http-8080-1 org.springframework.web.servlet.DispatcherServlet - Testing handler map [org.springframework.web.servlet.handler.BeanNameUrlHandlerMapping@166de01] in DispatcherServlet with name 'register'
DEBUG http-8080-1 org.springframework.web.servlet.handler.BeanNameUrlHandlerMapping - No handler mapping found for [/register/registrationForm]
DEBUG http-8080-1 org.springframework.web.servlet.DispatcherServlet - Testing handler map [org.springframework.web.servlet.mvc.annotation.DefaultAnnotationHandlerMapping@12da4a6] in DispatcherServlet with name 'register'
DEBUG http-8080-1 org.springframework.web.servlet.mvc.annotation.DefaultAnnotationHandlerMapping - Matching patterns for request [/register/registrationForm] are [/register/{registrationForm}]
DEBUG http-8080-1 org.springframework.web.servlet.mvc.annotation.DefaultAnnotationHandlerMapping - URI Template variables for request [/register/registrationForm] are {registrationForm=registrationForm}
DEBUG http-8080-1 org.springframework.web.servlet.mvc.annotation.DefaultAnnotationHandlerMapping - Mapping [/register/registrationForm] to HandlerExecutionChain with handler [com.jkt.registration.RegistrationController@1f5cbd6] and 2 interceptors
DEBUG http-8080-1 org.springframework.web.servlet.DispatcherServlet - Testing handler adapter [org.springframework.web.servlet.mvc.HttpRequestHandlerAdapter@1955c3]
DEBUG http-8080-1 org.springframework.web.servlet.DispatcherServlet - Testing handler adapter [org.springframework.web.servlet.mvc.SimpleControllerHandlerAdapter@d3f189]
DEBUG http-8080-1 org.springframework.web.servlet.DispatcherServlet - Testing handler adapter [org.springframework.web.servlet.mvc.annotation.AnnotationMethodHandlerAdapter@ed7d11]
DEBUG http-8080-1 org.springframework.web.bind.annotation.support.HandlerMethodInvoker - Invoking request handler method: public org.springframework.web.servlet.ModelAndView com.jkt.registration.RegistrationController.registerUser(com.jkt.registratrion.domain.RegistrationForm)
DEBUG http-8080-1 org.springframework.web.servlet.DispatcherServlet - Rendering view [org.springframework.web.servlet.view.xml.MarshallingView: name 'orderXmlView'] in DispatcherServlet with name 'register'
DEBUG http-8080-1 org.springframework.web.servlet.view.xml.MarshallingView - Rendering view with name 'orderXmlView' with model {org.springframework.validation.BindingResult.order=Sucessfull, org.springframework.validation.BindingResult.registrationForm=org.springframework.validation.BeanPropertyBindingResult: 0 errors, registrationForm=com.jkt.registratrion.domain.RegistrationForm@174a144} and static attributes {}
DEBUG http-8080-1 org.springframework.web.servlet.DispatcherServlet - Cleared thread-bound request context: org.apache.catalina.connector.RequestFacade@1eb8f6d
DEBUG http-8080-1 org.springframework.web.servlet.DispatcherServlet - Successfully completed request
DEBUG http-8080-1 org.springframework.web.context.support.XmlWebApplicationContext - Publishing event in WebApplicationContext for namespace 'register-servlet': ServletRequestHandledEvent: url=[/RestCrudOperation/register/registrationForm]; client=[127.0.0.1]; method=[POST]; servlet=[register]; session=[null]; user=[null]; time=[468ms]; status=[OK]
DEBUG http-8080-1 org.springframework.web.servlet.DispatcherServlet - Bound request context to thread: org.apache.catalina.connector.RequestFacade@1eb8f6d
DEBUG http-8080-1 org.springframework.web.servlet.DispatcherServlet - DispatcherServlet with name 'register' processing POST request for [/RestCrudOperation/register/registrationForm]
DEBUG http-8080-1 org.springframework.web.servlet.DispatcherServlet - Testing handler map [org.springframework.web.servlet.handler.BeanNameUrlHandlerMapping@166de01] in DispatcherServlet with name 'register'
DEBUG http-8080-1 org.springframework.web.servlet.handler.BeanNameUrlHandlerMapping - No handler mapping found for [/register/registrationForm]
DEBUG http-8080-1 org.springframework.web.servlet.DispatcherServlet - Testing handler map [org.springframework.web.servlet.mvc.annotation.DefaultAnnotationHandlerMapping@12da4a6] in DispatcherServlet with name 'register'
DEBUG http-8080-1 org.springframework.web.servlet.mvc.annotation.DefaultAnnotationHandlerMapping - Matching patterns for request [/register/registrationForm] are [/register/{registrationForm}]
DEBUG http-8080-1 org.springframework.web.servlet.mvc.annotation.DefaultAnnotationHandlerMapping - URI Template variables for request [/register/registrationForm] are {registrationForm=registrationForm}
DEBUG http-8080-1 org.springframework.web.servlet.mvc.annotation.DefaultAnnotationHandlerMapping - Mapping [/register/registrationForm] to HandlerExecutionChain with handler [com.jkt.registration.RegistrationController@1f5cbd6] and 2 interceptors
DEBUG http-8080-1 org.springframework.web.servlet.DispatcherServlet - Testing handler adapter [org.springframework.web.servlet.mvc.HttpRequestHandlerAdapter@1955c3]
DEBUG http-8080-1 org.springframework.web.servlet.DispatcherServlet - Testing handler adapter [org.springframework.web.servlet.mvc.SimpleControllerHandlerAdapter@d3f189]
DEBUG http-8080-1 org.springframework.web.servlet.DispatcherServlet - Testing handler adapter [org.springframework.web.servlet.mvc.annotation.AnnotationMethodHandlerAdapter@ed7d11]
DEBUG http-8080-1 org.springframework.web.bind.annotation.support.HandlerMethodInvoker - Invoking request handler method: public org.springframework.web.servlet.ModelAndView com.jkt.registration.RegistrationController.registerUser(com.jkt.registratrion.domain.RegistrationForm)
DEBUG http-8080-1 org.springframework.web.servlet.DispatcherServlet - Rendering view [org.springframework.web.servlet.view.xml.MarshallingView: name 'orderXmlView'] in DispatcherServlet with name 'register'
DEBUG http-8080-1 org.springframework.web.servlet.view.xml.MarshallingView - Rendering view with name 'orderXmlView' with model {org.springframework.validation.BindingResult.order=Sucessfull, org.springframework.validation.BindingResult.registrationForm=org.springframework.validation.BeanPropertyBindingResult: 0 errors, registrationForm=com.jkt.registratrion.domain.RegistrationForm@1d8c046} and static attributes {}
DEBUG http-8080-1 org.springframework.web.servlet.DispatcherServlet - Cleared thread-bound request context: org.apache.catalina.connector.RequestFacade@1eb8f6d
DEBUG http-8080-1 org.springframework.web.servlet.DispatcherServlet - Successfully completed request
DEBUG http-8080-1 org.springframework.web.context.support.XmlWebApplicationContext - Publishing event in WebApplicationContext for namespace 'register-servlet': ServletRequestHandledEvent: url=[/RestCrudOperation/register/registrationForm]; client=[127.0.0.1]; method=[POST]; servlet=[register]; session=[null]; user=[null]; time=[80ms]; status=[OK]
INFO Thread-4 org.springframework.web.context.support.XmlWebApplicationContext - Closing WebApplicationContext for namespace 'register-servlet': startup date [Thu Jan 02 07:16:02 GMT 2014]; root of context hierarchy
DEBUG Thread-4 org.springframework.web.context.support.XmlWebApplicationContext - Publishing event in WebApplicationContext for namespace 'register-servlet': org.springframework.context.event.ContextClosedEvent[source=WebApplicationContext for namespace 'register-servlet': startup date [Thu Jan 02 07:16:02 GMT 2014]; root of context hierarchy]
INFO Thread-4 org.springframework.beans.factory.support.DefaultListableBeanFactory - Destroying singletons in org.springframework.beans.factory.support.DefaultListableBeanFactory@598a5d: defining beans [registrationController,orderService,registrationService,org.springframework.context.annotation.internalConfigurationAnnotationProcessor,org.springframework.context.annotation.internalAutowiredAnnotationProcessor,org.springframework.context.annotation.internalRequiredAnnotationProcessor,org.springframework.context.annotation.internalCommonAnnotationProcessor,org.springframework.web.servlet.view.BeanNameViewResolver#0,orderXmlView]; root of factory hierarchy
